
2024-05-24 14:21:28.321 - INFO  - es.uah.trabajo.juegodelavida.Portada.HelloApplication - Inicio del juego
2024-05-24 14:21:28.434 - INFO  - es.uah.trabajo.juegodelavida.Portada.HelloApplication - Inicio de Aplicación
2024-05-24 14:21:32.796 - INFO  - es.uah.trabajo.juegodelavida.Portada.CambioDePantalla - Nueva Partida
2024-05-24 14:27:46.713 - INFO  - es.uah.trabajo.juegodelavida.TableroDeJuego.Tablero - Recurso añadido
2024-05-24 14:27:46.713 - INFO  - es.uah.trabajo.juegodelavida.TableroDeJuego.Tablero - Recurso añadido
2024-05-24 14:27:46.714 - INFO  - es.uah.trabajo.juegodelavida.TableroDeJuego.Tablero - Individuo añadido
2024-05-24 14:27:51.305 - INFO  - es.uah.trabajo.juegodelavida.TableroDeJuego.Tablero - Recurso añadido
2024-05-24 14:27:51.305 - INFO  - es.uah.trabajo.juegodelavida.TableroDeJuego.Tablero - Recurso añadido
2024-05-24 14:27:51.306 - INFO  - es.uah.trabajo.juegodelavida.TableroDeJuego.Tablero - Recurso añadido
2024-05-24 14:27:51.306 - INFO  - es.uah.trabajo.juegodelavida.TableroDeJuego.Tablero - Recurso añadido
2024-05-24 14:27:51.306 - INFO  - es.uah.trabajo.juegodelavida.TableroDeJuego.Tablero - Recurso añadido
2024-05-24 14:27:51.306 - INFO  - es.uah.trabajo.juegodelavida.TableroDeJuego.Tablero - Recurso añadido
2024-05-24 14:27:51.306 - INFO  - es.uah.trabajo.juegodelavida.TableroDeJuego.Tablero - Recurso añadido
2024-05-24 14:27:51.306 - INFO  - es.uah.trabajo.juegodelavida.TableroDeJuego.Tablero - Recurso añadido
2024-05-24 14:27:51.307 - INFO  - es.uah.trabajo.juegodelavida.TableroDeJuego.Tablero - Recurso añadido
2024-05-24 14:27:51.307 - INFO  - es.uah.trabajo.juegodelavida.TableroDeJuego.Tablero - Recurso añadido
2024-05-24 14:27:51.307 - INFO  - es.uah.trabajo.juegodelavida.TableroDeJuego.Tablero - Recurso añadido
2024-05-24 14:27:51.307 - INFO  - es.uah.trabajo.juegodelavida.TableroDeJuego.Tablero - Recurso añadido
2024-05-24 14:27:51.308 - INFO  - es.uah.trabajo.juegodelavida.TableroDeJuego.Tablero - Recurso añadido
2024-05-24 14:27:51.308 - INFO  - es.uah.trabajo.juegodelavida.TableroDeJuego.Tablero - Recurso añadido
2024-05-24 14:27:51.308 - INFO  - es.uah.trabajo.juegodelavida.TableroDeJuego.Tablero - Recurso añadido
2024-05-24 14:27:51.308 - INFO  - es.uah.trabajo.juegodelavida.TableroDeJuego.Tablero - Recurso añadido
2024-05-24 14:27:51.308 - INFO  - es.uah.trabajo.juegodelavida.TableroDeJuego.Tablero - Recurso añadido
2024-05-24 14:27:51.308 - INFO  - es.uah.trabajo.juegodelavida.TableroDeJuego.Tablero - Recurso añadido
2024-05-24 14:27:51.308 - INFO  - es.uah.trabajo.juegodelavida.TableroDeJuego.Tablero - Recurso añadido
2024-05-24 14:27:51.308 - INFO  - es.uah.trabajo.juegodelavida.TableroDeJuego.Tablero - Recurso añadido
2024-05-24 14:27:51.309 - INFO  - es.uah.trabajo.juegodelavida.TableroDeJuego.Tablero - Recurso añadido
2024-05-24 14:27:51.309 - INFO  - es.uah.trabajo.juegodelavida.TableroDeJuego.Tablero - Recurso añadido
2024-05-24 14:27:51.309 - INFO  - es.uah.trabajo.juegodelavida.TableroDeJuego.Tablero - Recurso añadido
2024-05-24 14:27:51.309 - INFO  - es.uah.trabajo.juegodelavida.TableroDeJuego.Tablero - Recurso añadido
2024-05-24 14:27:51.309 - INFO  - es.uah.trabajo.juegodelavida.TableroDeJuego.Tablero - Recurso añadido
2024-05-24 14:27:51.309 - INFO  - es.uah.trabajo.juegodelavida.TableroDeJuego.Tablero - Recurso añadido
2024-05-24 14:27:51.309 - INFO  - es.uah.trabajo.juegodelavida.TableroDeJuego.Tablero - Recurso añadido
2024-05-24 14:27:51.309 - INFO  - es.uah.trabajo.juegodelavida.TableroDeJuego.Tablero - Individuo añadido
2024-05-24 14:28:01.516 - INFO  - es.uah.trabajo.juegodelavida.Portada.CambioDePantalla - Nueva Partida
2024-05-24 14:28:51.412 - INFO  - es.uah.trabajo.juegodelavida.TableroDeJuego.Tablero - Recurso añadido
2024-05-24 14:28:51.412 - INFO  - es.uah.trabajo.juegodelavida.TableroDeJuego.Tablero - Individuo añadido
2024-05-24 14:28:52.952 - INFO  - es.uah.trabajo.juegodelavida.TableroDeJuego.Tablero - Recurso añadido
2024-05-24 14:28:52.952 - INFO  - es.uah.trabajo.juegodelavida.TableroDeJuego.Tablero - Recurso añadido
2024-05-24 14:28:52.952 - INFO  - es.uah.trabajo.juegodelavida.TableroDeJuego.Tablero - Recurso añadido
2024-05-24 14:28:52.953 - INFO  - es.uah.trabajo.juegodelavida.TableroDeJuego.Tablero - Recurso añadido
2024-05-24 14:28:52.953 - INFO  - es.uah.trabajo.juegodelavida.TableroDeJuego.Tablero - Recurso añadido
2024-05-24 14:28:52.953 - INFO  - es.uah.trabajo.juegodelavida.TableroDeJuego.Tablero - Recurso añadido
2024-05-24 14:28:52.953 - INFO  - es.uah.trabajo.juegodelavida.TableroDeJuego.Tablero - Recurso añadido
2024-05-24 14:28:52.953 - INFO  - es.uah.trabajo.juegodelavida.TableroDeJuego.Tablero - Recurso añadido
2024-05-24 14:28:52.953 - INFO  - es.uah.trabajo.juegodelavida.TableroDeJuego.Tablero - Individuo añadido
2024-05-24 14:28:52.953 - INFO  - es.uah.trabajo.juegodelavida.TableroDeJuego.Tablero - Individuo añadido
2024-05-24 14:28:53.882 - INFO  - es.uah.trabajo.juegodelavida.TableroDeJuego.Tablero - Recurso añadido
2024-05-24 14:28:53.882 - INFO  - es.uah.trabajo.juegodelavida.TableroDeJuego.Tablero - Recurso añadido
2024-05-24 14:28:53.882 - INFO  - es.uah.trabajo.juegodelavida.TableroDeJuego.Tablero - Recurso añadido
2024-05-24 14:28:53.882 - INFO  - es.uah.trabajo.juegodelavida.TableroDeJuego.Tablero - Recurso añadido
2024-05-24 14:28:53.882 - INFO  - es.uah.trabajo.juegodelavida.TableroDeJuego.Tablero - Recurso añadido
2024-05-24 14:28:53.883 - INFO  - es.uah.trabajo.juegodelavida.TableroDeJuego.Tablero - Recurso añadido
2024-05-24 14:28:53.883 - INFO  - es.uah.trabajo.juegodelavida.TableroDeJuego.Tablero - Recurso añadido
2024-05-24 14:28:53.883 - INFO  - es.uah.trabajo.juegodelavida.TableroDeJuego.Tablero - Recurso añadido
2024-05-24 14:28:53.883 - INFO  - es.uah.trabajo.juegodelavida.TableroDeJuego.Tablero - Recurso añadido
2024-05-24 14:28:53.883 - INFO  - es.uah.trabajo.juegodelavida.TableroDeJuego.Tablero - Recurso añadido
2024-05-24 14:28:53.883 - INFO  - es.uah.trabajo.juegodelavida.TableroDeJuego.Tablero - Recurso añadido
2024-05-24 14:28:53.883 - INFO  - es.uah.trabajo.juegodelavida.TableroDeJuego.Tablero - Recurso añadido
2024-05-24 14:28:53.883 - INFO  - es.uah.trabajo.juegodelavida.TableroDeJuego.Tablero - Recurso añadido
2024-05-24 14:28:53.883 - INFO  - es.uah.trabajo.juegodelavida.TableroDeJuego.Tablero - Recurso añadido
2024-05-24 14:28:53.883 - INFO  - es.uah.trabajo.juegodelavida.TableroDeJuego.Tablero - Recurso añadido
2024-05-24 14:28:53.883 - INFO  - es.uah.trabajo.juegodelavida.TableroDeJuego.Tablero - Recurso añadido
2024-05-24 14:28:53.883 - INFO  - es.uah.trabajo.juegodelavida.TableroDeJuego.Tablero - Recurso añadido
2024-05-24 14:28:53.884 - INFO  - es.uah.trabajo.juegodelavida.TableroDeJuego.Tablero - Individuo añadido
2024-05-24 14:28:53.884 - INFO  - es.uah.trabajo.juegodelavida.TableroDeJuego.Tablero - Individuo añadido
2024-05-24 14:28:53.884 - INFO  - es.uah.trabajo.juegodelavida.TableroDeJuego.Tablero - Individuo añadido
2024-05-24 14:28:53.884 - INFO  - es.uah.trabajo.juegodelavida.TableroDeJuego.Tablero - Individuo añadido
2024-05-24 14:30:32.508 - INFO  - es.uah.trabajo.juegodelavida.Portada.CambioDePantalla - Cargar Partida
2024-05-24 14:30:36.290 - INFO  - es.uah.trabajo.juegodelavida.TableroDeJuego.Tablero - Recurso añadido
2024-05-24 14:30:36.290 - INFO  - es.uah.trabajo.juegodelavida.TableroDeJuego.Tablero - Recurso añadido
2024-05-24 14:30:36.290 - INFO  - es.uah.trabajo.juegodelavida.TableroDeJuego.Tablero - Recurso añadido
2024-05-24 14:30:36.290 - INFO  - es.uah.trabajo.juegodelavida.TableroDeJuego.Tablero - Recurso añadido
2024-05-24 14:30:36.290 - INFO  - es.uah.trabajo.juegodelavida.TableroDeJuego.Tablero - Recurso añadido
2024-05-24 14:30:36.290 - INFO  - es.uah.trabajo.juegodelavida.TableroDeJuego.Tablero - Recurso añadido
2024-05-24 14:30:36.290 - INFO  - es.uah.trabajo.juegodelavida.TableroDeJuego.Tablero - Recurso añadido
2024-05-24 14:30:36.290 - INFO  - es.uah.trabajo.juegodelavida.TableroDeJuego.Tablero - Recurso añadido
2024-05-24 14:30:36.291 - INFO  - es.uah.trabajo.juegodelavida.TableroDeJuego.Tablero - Recurso añadido
2024-05-24 14:30:36.291 - INFO  - es.uah.trabajo.juegodelavida.TableroDeJuego.Tablero - Recurso añadido
2024-05-24 14:30:36.291 - INFO  - es.uah.trabajo.juegodelavida.TableroDeJuego.Tablero - Recurso añadido
2024-05-24 14:30:36.291 - INFO  - es.uah.trabajo.juegodelavida.TableroDeJuego.Tablero - Recurso añadido
2024-05-24 14:30:36.291 - INFO  - es.uah.trabajo.juegodelavida.TableroDeJuego.Tablero - Recurso añadido
2024-05-24 14:30:36.291 - INFO  - es.uah.trabajo.juegodelavida.TableroDeJuego.Tablero - Recurso añadido
2024-05-24 14:30:36.291 - INFO  - es.uah.trabajo.juegodelavida.TableroDeJuego.Tablero - Recurso añadido
2024-05-24 14:30:36.291 - INFO  - es.uah.trabajo.juegodelavida.TableroDeJuego.Tablero - Recurso añadido
2024-05-24 14:30:36.291 - INFO  - es.uah.trabajo.juegodelavida.TableroDeJuego.Tablero - Recurso añadido
2024-05-24 14:30:36.291 - INFO  - es.uah.trabajo.juegodelavida.TableroDeJuego.Tablero - Individuo añadido
2024-05-24 14:30:36.291 - INFO  - es.uah.trabajo.juegodelavida.TableroDeJuego.Tablero - Individuo añadido
2024-05-24 14:30:36.291 - INFO  - es.uah.trabajo.juegodelavida.TableroDeJuego.Tablero - Individuo añadido
2024-05-24 14:30:36.291 - INFO  - es.uah.trabajo.juegodelavida.TableroDeJuego.Tablero - Individuo añadido
2024-05-24 14:31:17.071 - INFO  - es.uah.trabajo.juegodelavida.Portada.HelloApplication - Inicio del juego
2024-05-24 14:31:17.180 - INFO  - es.uah.trabajo.juegodelavida.Portada.HelloApplication - Inicio de Aplicación
2024-05-24 14:31:21.897 - INFO  - es.uah.trabajo.juegodelavida.Portada.CambioDePantalla - Cargar Partida
2024-05-24 14:31:28.268 - INFO  - es.uah.trabajo.juegodelavida.TableroDeJuego.Tablero - Recurso añadido
2024-05-24 14:31:28.268 - INFO  - es.uah.trabajo.juegodelavida.TableroDeJuego.Tablero - Recurso añadido
2024-05-24 14:31:28.268 - INFO  - es.uah.trabajo.juegodelavida.TableroDeJuego.Tablero - Recurso añadido
2024-05-24 14:31:28.268 - INFO  - es.uah.trabajo.juegodelavida.TableroDeJuego.Tablero - Recurso añadido
2024-05-24 14:31:28.269 - INFO  - es.uah.trabajo.juegodelavida.TableroDeJuego.Tablero - Recurso añadido
2024-05-24 14:31:28.269 - INFO  - es.uah.trabajo.juegodelavida.TableroDeJuego.Tablero - Recurso añadido
2024-05-24 14:31:28.269 - INFO  - es.uah.trabajo.juegodelavida.TableroDeJuego.Tablero - Recurso añadido
2024-05-24 14:31:28.270 - INFO  - es.uah.trabajo.juegodelavida.TableroDeJuego.Tablero - Recurso añadido
2024-05-24 14:31:28.270 - INFO  - es.uah.trabajo.juegodelavida.TableroDeJuego.Tablero - Recurso añadido
2024-05-24 14:31:28.270 - INFO  - es.uah.trabajo.juegodelavida.TableroDeJuego.Tablero - Recurso añadido
2024-05-24 14:31:28.270 - INFO  - es.uah.trabajo.juegodelavida.TableroDeJuego.Tablero - Recurso añadido
2024-05-24 14:31:28.270 - INFO  - es.uah.trabajo.juegodelavida.TableroDeJuego.Tablero - Recurso añadido
2024-05-24 14:31:28.271 - INFO  - es.uah.trabajo.juegodelavida.TableroDeJuego.Tablero - Recurso añadido
2024-05-24 14:31:28.271 - INFO  - es.uah.trabajo.juegodelavida.TableroDeJuego.Tablero - Recurso añadido
2024-05-24 14:31:28.271 - INFO  - es.uah.trabajo.juegodelavida.TableroDeJuego.Tablero - Recurso añadido
2024-05-24 14:31:28.271 - INFO  - es.uah.trabajo.juegodelavida.TableroDeJuego.Tablero - Recurso añadido
2024-05-24 14:31:28.272 - INFO  - es.uah.trabajo.juegodelavida.TableroDeJuego.Tablero - Recurso añadido
2024-05-24 14:31:28.272 - INFO  - es.uah.trabajo.juegodelavida.TableroDeJuego.Tablero - Individuo añadido
2024-05-24 14:31:28.272 - INFO  - es.uah.trabajo.juegodelavida.TableroDeJuego.Tablero - Individuo añadido
2024-05-24 14:31:28.272 - INFO  - es.uah.trabajo.juegodelavida.TableroDeJuego.Tablero - Individuo añadido
2024-05-24 14:31:28.273 - INFO  - es.uah.trabajo.juegodelavida.TableroDeJuego.Tablero - Individuo añadido
2024-05-24 14:32:01.340 - INFO  - es.uah.trabajo.juegodelavida.Portada.HelloApplication - Inicio del juego
2024-05-24 14:32:01.449 - INFO  - es.uah.trabajo.juegodelavida.Portada.HelloApplication - Inicio de Aplicación
2024-05-24 14:32:09.112 - INFO  - es.uah.trabajo.juegodelavida.Portada.CambioDePantalla - Nueva Partida
2024-05-24 14:33:15.978 - INFO  - es.uah.trabajo.juegodelavida.TableroDeJuego.Tablero - Recurso añadido
2024-05-24 14:33:15.978 - INFO  - es.uah.trabajo.juegodelavida.TableroDeJuego.Tablero - Recurso añadido
2024-05-24 14:33:15.978 - INFO  - es.uah.trabajo.juegodelavida.TableroDeJuego.Tablero - Individuo añadido
2024-05-24 14:33:17.553 - INFO  - es.uah.trabajo.juegodelavida.TableroDeJuego.Tablero - Recurso añadido
2024-05-24 14:33:17.553 - INFO  - es.uah.trabajo.juegodelavida.TableroDeJuego.Tablero - Recurso añadido
2024-05-24 14:33:17.553 - INFO  - es.uah.trabajo.juegodelavida.TableroDeJuego.Tablero - Recurso añadido
2024-05-24 14:33:17.553 - INFO  - es.uah.trabajo.juegodelavida.TableroDeJuego.Tablero - Recurso añadido
2024-05-24 14:33:17.553 - INFO  - es.uah.trabajo.juegodelavida.TableroDeJuego.Tablero - Recurso añadido
2024-05-24 14:33:17.554 - INFO  - es.uah.trabajo.juegodelavida.TableroDeJuego.Tablero - Recurso añadido
2024-05-24 14:33:17.554 - INFO  - es.uah.trabajo.juegodelavida.TableroDeJuego.Tablero - Recurso añadido
2024-05-24 14:33:17.554 - INFO  - es.uah.trabajo.juegodelavida.TableroDeJuego.Tablero - Recurso añadido
2024-05-24 14:33:17.554 - INFO  - es.uah.trabajo.juegodelavida.TableroDeJuego.Tablero - Recurso añadido
2024-05-24 14:33:17.554 - INFO  - es.uah.trabajo.juegodelavida.TableroDeJuego.Tablero - Recurso añadido
2024-05-24 14:33:17.554 - INFO  - es.uah.trabajo.juegodelavida.TableroDeJuego.Tablero - Recurso añadido
2024-05-24 14:33:17.555 - INFO  - es.uah.trabajo.juegodelavida.TableroDeJuego.Tablero - Recurso añadido
2024-05-24 14:33:17.555 - INFO  - es.uah.trabajo.juegodelavida.TableroDeJuego.Tablero - Recurso añadido
2024-05-24 14:33:17.555 - INFO  - es.uah.trabajo.juegodelavida.TableroDeJuego.Tablero - Individuo añadido
2024-05-24 14:33:19.098 - INFO  - es.uah.trabajo.juegodelavida.TableroDeJuego.Tablero - Recurso añadido
2024-05-24 14:33:19.100 - INFO  - es.uah.trabajo.juegodelavida.TableroDeJuego.Tablero - Recurso añadido
2024-05-24 14:33:19.100 - INFO  - es.uah.trabajo.juegodelavida.TableroDeJuego.Tablero - Recurso añadido
2024-05-24 14:33:19.100 - INFO  - es.uah.trabajo.juegodelavida.TableroDeJuego.Tablero - Recurso añadido
2024-05-24 14:33:19.100 - INFO  - es.uah.trabajo.juegodelavida.TableroDeJuego.Tablero - Recurso añadido
2024-05-24 14:33:19.100 - INFO  - es.uah.trabajo.juegodelavida.TableroDeJuego.Tablero - Recurso añadido
2024-05-24 14:33:19.100 - INFO  - es.uah.trabajo.juegodelavida.TableroDeJuego.Tablero - Recurso añadido
2024-05-24 14:33:19.100 - INFO  - es.uah.trabajo.juegodelavida.TableroDeJuego.Tablero - Recurso añadido
2024-05-24 14:33:19.100 - INFO  - es.uah.trabajo.juegodelavida.TableroDeJuego.Tablero - Recurso añadido
2024-05-24 14:33:19.100 - INFO  - es.uah.trabajo.juegodelavida.TableroDeJuego.Tablero - Recurso añadido
2024-05-24 14:33:19.100 - INFO  - es.uah.trabajo.juegodelavida.TableroDeJuego.Tablero - Recurso añadido
2024-05-24 14:33:19.100 - INFO  - es.uah.trabajo.juegodelavida.TableroDeJuego.Tablero - Recurso añadido
2024-05-24 14:33:19.100 - INFO  - es.uah.trabajo.juegodelavida.TableroDeJuego.Tablero - Recurso añadido
2024-05-24 14:33:19.100 - INFO  - es.uah.trabajo.juegodelavida.TableroDeJuego.Tablero - Recurso añadido
2024-05-24 14:33:19.100 - INFO  - es.uah.trabajo.juegodelavida.TableroDeJuego.Tablero - Recurso añadido
2024-05-24 14:33:19.100 - INFO  - es.uah.trabajo.juegodelavida.TableroDeJuego.Tablero - Recurso añadido
2024-05-24 14:33:19.100 - INFO  - es.uah.trabajo.juegodelavida.TableroDeJuego.Tablero - Recurso añadido
2024-05-24 14:33:19.100 - INFO  - es.uah.trabajo.juegodelavida.TableroDeJuego.Tablero - Recurso añadido
2024-05-24 14:33:19.100 - INFO  - es.uah.trabajo.juegodelavida.TableroDeJuego.Tablero - Recurso añadido
2024-05-24 14:33:19.100 - INFO  - es.uah.trabajo.juegodelavida.TableroDeJuego.Tablero - Recurso añadido
2024-05-24 14:33:19.100 - INFO  - es.uah.trabajo.juegodelavida.TableroDeJuego.Tablero - Recurso añadido
2024-05-24 14:33:19.101 - INFO  - es.uah.trabajo.juegodelavida.TableroDeJuego.Tablero - Individuo añadido
2024-05-24 14:34:35.773 - INFO  - es.uah.trabajo.juegodelavida.Portada.HelloApplication - Inicio del juego
2024-05-24 14:34:35.885 - INFO  - es.uah.trabajo.juegodelavida.Portada.HelloApplication - Inicio de Aplicación
2024-05-24 14:34:49.616 - INFO  - es.uah.trabajo.juegodelavida.Portada.CambioDePantalla - Nueva Partida
2024-05-24 14:36:17.868 - INFO  - es.uah.trabajo.juegodelavida.TableroDeJuego.Tablero - Individuo añadido
2024-05-24 14:36:28.207 - INFO  - es.uah.trabajo.juegodelavida.TableroDeJuego.Tablero - Recurso añadido
2024-05-24 14:36:28.207 - INFO  - es.uah.trabajo.juegodelavida.TableroDeJuego.Tablero - Recurso añadido
2024-05-24 14:36:28.207 - INFO  - es.uah.trabajo.juegodelavida.TableroDeJuego.Tablero - Recurso añadido
2024-05-24 14:36:28.207 - INFO  - es.uah.trabajo.juegodelavida.TableroDeJuego.Tablero - Recurso añadido
2024-05-24 14:36:28.208 - INFO  - es.uah.trabajo.juegodelavida.TableroDeJuego.Tablero - Recurso añadido
2024-05-24 14:36:28.208 - INFO  - es.uah.trabajo.juegodelavida.TableroDeJuego.Tablero - Recurso añadido
2024-05-24 14:36:28.208 - INFO  - es.uah.trabajo.juegodelavida.TableroDeJuego.Tablero - Recurso añadido
2024-05-24 14:36:28.208 - INFO  - es.uah.trabajo.juegodelavida.TableroDeJuego.Tablero - Recurso añadido
2024-05-24 14:36:28.208 - INFO  - es.uah.trabajo.juegodelavida.TableroDeJuego.Tablero - Recurso añadido
2024-05-24 14:36:28.208 - INFO  - es.uah.trabajo.juegodelavida.TableroDeJuego.Tablero - Recurso añadido
2024-05-24 14:36:28.208 - INFO  - es.uah.trabajo.juegodelavida.TableroDeJuego.Tablero - Recurso añadido
2024-05-24 14:36:28.208 - INFO  - es.uah.trabajo.juegodelavida.TableroDeJuego.Tablero - Individuo añadido
2024-05-24 14:36:30.126 - INFO  - es.uah.trabajo.juegodelavida.TableroDeJuego.Tablero - Recurso añadido
2024-05-24 14:36:30.127 - INFO  - es.uah.trabajo.juegodelavida.TableroDeJuego.Tablero - Recurso añadido
2024-05-24 14:36:30.127 - INFO  - es.uah.trabajo.juegodelavida.TableroDeJuego.Tablero - Recurso añadido
2024-05-24 14:36:30.128 - INFO  - es.uah.trabajo.juegodelavida.TableroDeJuego.Tablero - Recurso añadido
2024-05-24 14:36:30.128 - INFO  - es.uah.trabajo.juegodelavida.TableroDeJuego.Tablero - Recurso añadido
2024-05-24 14:36:30.128 - INFO  - es.uah.trabajo.juegodelavida.TableroDeJuego.Tablero - Recurso añadido
2024-05-24 14:36:30.128 - INFO  - es.uah.trabajo.juegodelavida.TableroDeJuego.Tablero - Recurso añadido
2024-05-24 14:36:30.128 - INFO  - es.uah.trabajo.juegodelavida.TableroDeJuego.Tablero - Recurso añadido
2024-05-24 14:36:30.129 - INFO  - es.uah.trabajo.juegodelavida.TableroDeJuego.Tablero - Recurso añadido
2024-05-24 14:36:30.129 - INFO  - es.uah.trabajo.juegodelavida.TableroDeJuego.Tablero - Recurso añadido
2024-05-24 14:36:30.129 - INFO  - es.uah.trabajo.juegodelavida.TableroDeJuego.Tablero - Recurso añadido
2024-05-24 14:36:30.129 - INFO  - es.uah.trabajo.juegodelavida.TableroDeJuego.Tablero - Recurso añadido
2024-05-24 14:36:30.129 - INFO  - es.uah.trabajo.juegodelavida.TableroDeJuego.Tablero - Recurso añadido
2024-05-24 14:36:30.129 - INFO  - es.uah.trabajo.juegodelavida.TableroDeJuego.Tablero - Recurso añadido
2024-05-24 14:36:30.129 - INFO  - es.uah.trabajo.juegodelavida.TableroDeJuego.Tablero - Recurso añadido
2024-05-24 14:36:30.129 - INFO  - es.uah.trabajo.juegodelavida.TableroDeJuego.Tablero - Recurso añadido
2024-05-24 14:36:30.129 - INFO  - es.uah.trabajo.juegodelavida.TableroDeJuego.Tablero - Recurso añadido
2024-05-24 14:36:30.130 - INFO  - es.uah.trabajo.juegodelavida.TableroDeJuego.Tablero - Recurso añadido
2024-05-24 14:36:30.130 - INFO  - es.uah.trabajo.juegodelavida.TableroDeJuego.Tablero - Recurso añadido
2024-05-24 14:36:30.130 - INFO  - es.uah.trabajo.juegodelavida.TableroDeJuego.Tablero - Recurso añadido
2024-05-24 14:36:30.130 - INFO  - es.uah.trabajo.juegodelavida.TableroDeJuego.Tablero - Individuo añadido
2024-05-24 14:36:30.130 - INFO  - es.uah.trabajo.juegodelavida.TableroDeJuego.Tablero - Individuo añadido
2024-05-24 14:36:31.338 - INFO  - es.uah.trabajo.juegodelavida.TableroDeJuego.Tablero - Recurso añadido
2024-05-24 14:36:31.338 - INFO  - es.uah.trabajo.juegodelavida.TableroDeJuego.Tablero - Recurso añadido
2024-05-24 14:36:31.339 - INFO  - es.uah.trabajo.juegodelavida.TableroDeJuego.Tablero - Recurso añadido
2024-05-24 14:36:31.339 - INFO  - es.uah.trabajo.juegodelavida.TableroDeJuego.Tablero - Recurso añadido
2024-05-24 14:36:31.339 - INFO  - es.uah.trabajo.juegodelavida.TableroDeJuego.Tablero - Recurso añadido
2024-05-24 14:36:31.339 - INFO  - es.uah.trabajo.juegodelavida.TableroDeJuego.Tablero - Recurso añadido
2024-05-24 14:36:31.339 - INFO  - es.uah.trabajo.juegodelavida.TableroDeJuego.Tablero - Recurso añadido
2024-05-24 14:36:31.340 - INFO  - es.uah.trabajo.juegodelavida.TableroDeJuego.Tablero - Recurso añadido
2024-05-24 14:36:31.340 - INFO  - es.uah.trabajo.juegodelavida.TableroDeJuego.Tablero - Recurso añadido
2024-05-24 14:36:31.340 - INFO  - es.uah.trabajo.juegodelavida.TableroDeJuego.Tablero - Recurso añadido
2024-05-24 14:36:31.340 - INFO  - es.uah.trabajo.juegodelavida.TableroDeJuego.Tablero - Recurso añadido
2024-05-24 14:36:31.340 - INFO  - es.uah.trabajo.juegodelavida.TableroDeJuego.Tablero - Recurso añadido
2024-05-24 14:36:31.340 - INFO  - es.uah.trabajo.juegodelavida.TableroDeJuego.Tablero - Recurso añadido
2024-05-24 14:36:31.341 - INFO  - es.uah.trabajo.juegodelavida.TableroDeJuego.Tablero - Recurso añadido
2024-05-24 14:36:31.341 - INFO  - es.uah.trabajo.juegodelavida.TableroDeJuego.Tablero - Recurso añadido
2024-05-24 14:36:31.341 - INFO  - es.uah.trabajo.juegodelavida.TableroDeJuego.Tablero - Recurso añadido
2024-05-24 14:36:31.341 - INFO  - es.uah.trabajo.juegodelavida.TableroDeJuego.Tablero - Recurso añadido
2024-05-24 14:36:31.341 - INFO  - es.uah.trabajo.juegodelavida.TableroDeJuego.Tablero - Recurso añadido
2024-05-24 14:36:31.341 - INFO  - es.uah.trabajo.juegodelavida.TableroDeJuego.Tablero - Recurso añadido
2024-05-24 14:36:31.341 - INFO  - es.uah.trabajo.juegodelavida.TableroDeJuego.Tablero - Recurso añadido
2024-05-24 14:36:31.341 - INFO  - es.uah.trabajo.juegodelavida.TableroDeJuego.Tablero - Recurso añadido
2024-05-24 14:36:31.341 - INFO  - es.uah.trabajo.juegodelavida.TableroDeJuego.Tablero - Recurso añadido
2024-05-24 14:36:31.341 - INFO  - es.uah.trabajo.juegodelavida.TableroDeJuego.Tablero - Recurso añadido
2024-05-24 14:36:31.341 - INFO  - es.uah.trabajo.juegodelavida.TableroDeJuego.Tablero - Recurso añadido
2024-05-24 14:36:31.341 - INFO  - es.uah.trabajo.juegodelavida.TableroDeJuego.Tablero - Recurso añadido
2024-05-24 14:36:31.341 - INFO  - es.uah.trabajo.juegodelavida.TableroDeJuego.Tablero - Recurso añadido
2024-05-24 14:36:31.342 - INFO  - es.uah.trabajo.juegodelavida.TableroDeJuego.Tablero - Recurso añadido
2024-05-24 14:36:31.342 - INFO  - es.uah.trabajo.juegodelavida.TableroDeJuego.Tablero - Recurso añadido
2024-05-24 14:36:31.342 - INFO  - es.uah.trabajo.juegodelavida.TableroDeJuego.Tablero - Recurso añadido
2024-05-24 14:36:31.342 - INFO  - es.uah.trabajo.juegodelavida.TableroDeJuego.Tablero - Recurso añadido
2024-05-24 14:36:31.342 - INFO  - es.uah.trabajo.juegodelavida.TableroDeJuego.Tablero - Recurso añadido
2024-05-24 14:36:31.342 - INFO  - es.uah.trabajo.juegodelavida.TableroDeJuego.Tablero - Individuo añadido
2024-05-24 14:36:31.342 - INFO  - es.uah.trabajo.juegodelavida.TableroDeJuego.Tablero - Individuo añadido
2024-05-24 14:36:48.976 - INFO  - es.uah.trabajo.juegodelavida.Portada.CambioDePantalla - Cargar Partida
2024-05-24 14:36:51.471 - INFO  - es.uah.trabajo.juegodelavida.Portada.CambioDePantalla - Nueva Partida
2024-05-24 14:37:39.157 - INFO  - es.uah.trabajo.juegodelavida.TableroDeJuego.Tablero - Individuo añadido
2024-05-24 14:37:40.803 - INFO  - es.uah.trabajo.juegodelavida.TableroDeJuego.Tablero - Individuo añadido
2024-05-24 14:37:40.803 - INFO  - es.uah.trabajo.juegodelavida.TableroDeJuego.Tablero - Individuo añadido
2024-05-24 14:37:41.846 - INFO  - es.uah.trabajo.juegodelavida.TableroDeJuego.Tablero - Individuo añadido
2024-05-24 14:37:41.846 - INFO  - es.uah.trabajo.juegodelavida.TableroDeJuego.Tablero - Individuo añadido
2024-05-24 14:37:41.846 - INFO  - es.uah.trabajo.juegodelavida.TableroDeJuego.Tablero - Individuo añadido
2024-05-24 14:39:02.895 - INFO  - es.uah.trabajo.juegodelavida.Portada.CambioDePantalla - Cargar Partida
2024-05-24 14:40:22.544 - INFO  - es.uah.trabajo.juegodelavida.Portada.CambioDePantalla - Cargar Partida
2024-05-24 14:40:48.000 - INFO  - es.uah.trabajo.juegodelavida.Portada.CambioDePantalla - Cargar Partida
2024-05-24 14:41:05.147 - INFO  - es.uah.trabajo.juegodelavida.TableroDeJuego.Tablero - Individuo añadido
2024-05-24 14:41:11.851 - INFO  - es.uah.trabajo.juegodelavida.TableroDeJuego.Tablero - Individuo añadido
2024-05-24 14:41:11.851 - INFO  - es.uah.trabajo.juegodelavida.TableroDeJuego.Tablero - Individuo añadido
2024-05-24 20:34:10.413 - INFO  - es.uah.trabajo.juegodelavida.Portada.HelloApplication - Inicio del juego
2024-05-24 20:34:10.694 - INFO  - es.uah.trabajo.juegodelavida.Portada.HelloApplication - Inicio de Aplicación
2024-05-24 20:34:17.774 - INFO  - es.uah.trabajo.juegodelavida.Portada.CambioDePantalla - Nueva Partida
2024-05-24 20:34:46.941 - INFO  - es.uah.trabajo.juegodelavida.Portada.CambioDePantalla - Cargar Partida
2024-05-24 20:34:54.998 - INFO  - es.uah.trabajo.juegodelavida.TableroDeJuego.Tablero - Individuo añadido
2024-05-24 20:35:04.008 - INFO  - es.uah.trabajo.juegodelavida.TableroDeJuego.Tablero - Individuo añadido
2024-05-24 20:35:07.352 - INFO  - es.uah.trabajo.juegodelavida.TableroDeJuego.Tablero - Recurso añadido
2024-05-24 20:35:07.352 - INFO  - es.uah.trabajo.juegodelavida.TableroDeJuego.Tablero - Recurso añadido
2024-05-24 20:35:07.352 - INFO  - es.uah.trabajo.juegodelavida.TableroDeJuego.Tablero - Recurso añadido
2024-05-24 20:35:07.353 - INFO  - es.uah.trabajo.juegodelavida.TableroDeJuego.Tablero - Recurso añadido
2024-05-24 20:35:07.353 - INFO  - es.uah.trabajo.juegodelavida.TableroDeJuego.Tablero - Recurso añadido
2024-05-24 20:35:07.353 - INFO  - es.uah.trabajo.juegodelavida.TableroDeJuego.Tablero - Recurso añadido
2024-05-24 20:35:07.353 - INFO  - es.uah.trabajo.juegodelavida.TableroDeJuego.Tablero - Recurso añadido
2024-05-24 20:35:07.354 - INFO  - es.uah.trabajo.juegodelavida.TableroDeJuego.Tablero - Recurso añadido
2024-05-24 20:35:07.354 - INFO  - es.uah.trabajo.juegodelavida.TableroDeJuego.Tablero - Individuo añadido
2024-05-24 20:35:07.354 - INFO  - es.uah.trabajo.juegodelavida.TableroDeJuego.Tablero - Individuo añadido
2024-05-24 20:35:25.452 - INFO  - es.uah.trabajo.juegodelavida.TableroDeJuego.Tablero - Recurso añadido
2024-05-24 20:35:25.452 - INFO  - es.uah.trabajo.juegodelavida.TableroDeJuego.Tablero - Recurso añadido
2024-05-24 20:35:25.453 - INFO  - es.uah.trabajo.juegodelavida.TableroDeJuego.Tablero - Recurso añadido
2024-05-24 20:35:25.453 - INFO  - es.uah.trabajo.juegodelavida.TableroDeJuego.Tablero - Recurso añadido
2024-05-24 20:35:25.453 - INFO  - es.uah.trabajo.juegodelavida.TableroDeJuego.Tablero - Recurso añadido
2024-05-24 20:35:25.453 - INFO  - es.uah.trabajo.juegodelavida.TableroDeJuego.Tablero - Recurso añadido
2024-05-24 20:35:25.454 - INFO  - es.uah.trabajo.juegodelavida.TableroDeJuego.Tablero - Recurso añadido
2024-05-24 20:35:25.454 - INFO  - es.uah.trabajo.juegodelavida.TableroDeJuego.Tablero - Recurso añadido
2024-05-24 20:35:25.454 - INFO  - es.uah.trabajo.juegodelavida.TableroDeJuego.Tablero - Recurso añadido
2024-05-24 20:35:25.454 - INFO  - es.uah.trabajo.juegodelavida.TableroDeJuego.Tablero - Recurso añadido
2024-05-24 20:35:25.454 - INFO  - es.uah.trabajo.juegodelavida.TableroDeJuego.Tablero - Recurso añadido
2024-05-24 20:35:25.455 - INFO  - es.uah.trabajo.juegodelavida.TableroDeJuego.Tablero - Recurso añadido
2024-05-24 20:35:25.455 - INFO  - es.uah.trabajo.juegodelavida.TableroDeJuego.Tablero - Recurso añadido
2024-05-24 20:35:25.455 - INFO  - es.uah.trabajo.juegodelavida.TableroDeJuego.Tablero - Recurso añadido
2024-05-24 20:35:25.455 - INFO  - es.uah.trabajo.juegodelavida.TableroDeJuego.Tablero - Recurso añadido
2024-05-24 20:35:25.455 - INFO  - es.uah.trabajo.juegodelavida.TableroDeJuego.Tablero - Recurso añadido
2024-05-24 20:35:25.455 - INFO  - es.uah.trabajo.juegodelavida.TableroDeJuego.Tablero - Recurso añadido
2024-05-24 20:35:25.456 - INFO  - es.uah.trabajo.juegodelavida.TableroDeJuego.Tablero - Recurso añadido
2024-05-24 20:35:25.456 - INFO  - es.uah.trabajo.juegodelavida.TableroDeJuego.Tablero - Recurso añadido
2024-05-24 20:35:25.456 - INFO  - es.uah.trabajo.juegodelavida.TableroDeJuego.Tablero - Individuo añadido
2024-05-24 20:35:25.456 - INFO  - es.uah.trabajo.juegodelavida.TableroDeJuego.Tablero - Individuo añadido
2024-05-24 20:35:26.606 - INFO  - es.uah.trabajo.juegodelavida.TableroDeJuego.Tablero - Recurso añadido
2024-05-24 20:35:26.607 - INFO  - es.uah.trabajo.juegodelavida.TableroDeJuego.Tablero - Recurso añadido
2024-05-24 20:35:26.607 - INFO  - es.uah.trabajo.juegodelavida.TableroDeJuego.Tablero - Recurso añadido
2024-05-24 20:35:26.607 - INFO  - es.uah.trabajo.juegodelavida.TableroDeJuego.Tablero - Recurso añadido
2024-05-24 20:35:26.607 - INFO  - es.uah.trabajo.juegodelavida.TableroDeJuego.Tablero - Recurso añadido
2024-05-24 20:35:26.608 - INFO  - es.uah.trabajo.juegodelavida.TableroDeJuego.Tablero - Recurso añadido
2024-05-24 20:35:26.608 - INFO  - es.uah.trabajo.juegodelavida.TableroDeJuego.Tablero - Recurso añadido
2024-05-24 20:35:26.608 - INFO  - es.uah.trabajo.juegodelavida.TableroDeJuego.Tablero - Recurso añadido
2024-05-24 20:35:26.608 - INFO  - es.uah.trabajo.juegodelavida.TableroDeJuego.Tablero - Recurso añadido
2024-05-24 20:35:26.609 - INFO  - es.uah.trabajo.juegodelavida.TableroDeJuego.Tablero - Recurso añadido
2024-05-24 20:35:26.609 - INFO  - es.uah.trabajo.juegodelavida.TableroDeJuego.Tablero - Recurso añadido
2024-05-24 20:35:26.609 - INFO  - es.uah.trabajo.juegodelavida.TableroDeJuego.Tablero - Recurso añadido
2024-05-24 20:35:26.609 - INFO  - es.uah.trabajo.juegodelavida.TableroDeJuego.Tablero - Recurso añadido
2024-05-24 20:35:26.609 - INFO  - es.uah.trabajo.juegodelavida.TableroDeJuego.Tablero - Recurso añadido
2024-05-24 20:35:26.610 - INFO  - es.uah.trabajo.juegodelavida.TableroDeJuego.Tablero - Recurso añadido
2024-05-24 20:35:26.610 - INFO  - es.uah.trabajo.juegodelavida.TableroDeJuego.Tablero - Recurso añadido
2024-05-24 20:35:26.610 - INFO  - es.uah.trabajo.juegodelavida.TableroDeJuego.Tablero - Recurso añadido
2024-05-24 20:35:26.610 - INFO  - es.uah.trabajo.juegodelavida.TableroDeJuego.Tablero - Recurso añadido
2024-05-24 20:35:26.611 - INFO  - es.uah.trabajo.juegodelavida.TableroDeJuego.Tablero - Recurso añadido
2024-05-24 20:35:26.611 - INFO  - es.uah.trabajo.juegodelavida.TableroDeJuego.Tablero - Recurso añadido
2024-05-24 20:35:26.611 - INFO  - es.uah.trabajo.juegodelavida.TableroDeJuego.Tablero - Recurso añadido
2024-05-24 20:35:26.611 - INFO  - es.uah.trabajo.juegodelavida.TableroDeJuego.Tablero - Recurso añadido
2024-05-24 20:35:26.611 - INFO  - es.uah.trabajo.juegodelavida.TableroDeJuego.Tablero - Recurso añadido
2024-05-24 20:35:26.612 - INFO  - es.uah.trabajo.juegodelavida.TableroDeJuego.Tablero - Recurso añadido
2024-05-24 20:35:26.612 - INFO  - es.uah.trabajo.juegodelavida.TableroDeJuego.Tablero - Recurso añadido
2024-05-24 20:35:26.612 - INFO  - es.uah.trabajo.juegodelavida.TableroDeJuego.Tablero - Recurso añadido
2024-05-24 20:35:26.613 - INFO  - es.uah.trabajo.juegodelavida.TableroDeJuego.Tablero - Recurso añadido
2024-05-24 20:35:26.613 - INFO  - es.uah.trabajo.juegodelavida.TableroDeJuego.Tablero - Recurso añadido
2024-05-24 20:35:26.613 - INFO  - es.uah.trabajo.juegodelavida.TableroDeJuego.Tablero - Recurso añadido
2024-05-24 20:35:26.614 - INFO  - es.uah.trabajo.juegodelavida.TableroDeJuego.Tablero - Individuo añadido
2024-05-24 20:35:26.614 - INFO  - es.uah.trabajo.juegodelavida.TableroDeJuego.Tablero - Individuo añadido
2024-05-24 20:35:26.614 - INFO  - es.uah.trabajo.juegodelavida.TableroDeJuego.Tablero - Individuo añadido
